2026-05-29 16:02:54,668 [INFO] Starting: target=192.168.0.100 duration=48.0h types=58
2026-05-29 16:18:01,992 [INFO] Starting: target=192.168.0.100 duration=48.0h types=58
2026-05-29 16:18:05,772 [INFO] [credential][ssh_common_password] ok | root:admin
2026-05-29 16:18:44,094 [INFO] Starting: target=192.168.0.100 duration=48.0h types=58
2026-05-29 16:18:44,516 [INFO] [execution][exec_from_shm] ok | /dev/shm/.sc
2026-05-29 16:19:32,022 [INFO] [ransomware_sim][ransom_note] ok | ransom note creation
2026-05-29 16:20:58,088 [INFO] [ransomware_sim][file_recon] ok | find sensitive files
2026-05-29 16:21:00,843 [INFO] [execution][history_evasion] ok | HISTFILE=/dev/null
2026-05-29 16:21:05,226 [INFO] [persistence][profile] ok | .profile persistence
2026-05-29 16:21:43,893 [INFO] Stopped.
2026-05-29 16:21:47,746 [INFO] Starting: target=192.168.0.100 duration=48.0h types=58
2026-05-29 16:22:05,861 [INFO] [credential][rapid_auth_failures] ok | 20 rapid failures
2026-05-29 16:22:10,414 [INFO] [cryptomining][cpu_spike] ok | 5s CPU burn
2026-05-29 16:22:54,073 [INFO] [ai_manipulation][schema_confusion] ok | 2 schema attacks
2026-05-29 16:23:03,679 [INFO] [advanced][kernel_module] ok | modprobe attempt
2026-05-29 16:23:06,052 [INFO] [execution][exec_from_tmp] ok | /tmp/.hbash
2026-05-29 16:23:26,321 [INFO] [cryptomining][mining_pool_connect] ok | pool connection probe
2026-05-29 16:24:22,583 [INFO] [credential][rapid_auth_failures] ok | 20 rapid failures
2026-05-29 16:24:27,112 [INFO] [advanced][ebpf_probe] ok | bpf enumeration
2026-05-29 16:24:55,495 [INFO] [c2][dns_tunnel] ok | root/admin + DNS pivot
2026-05-29 16:25:34,799 [INFO] [execution][memfd_fileless] ok | memfd_create probe
2026-05-29 16:25:51,677 [INFO] [lateral][network_recon] ok | full network recon
2026-05-30 08:05:47,282 [INFO] Starting: target=127.0.0.1 duration=48.0h types=58
2026-05-30 08:05:51,366 [INFO] [execution][exec_from_tmp] ok | /tmp/.hbash
2026-05-30 08:10:09,223 [INFO] [advanced][ptrace_probe] ok | ptrace status check
2026-05-30 08:10:16,918 [INFO] [credential][ssh_common_password] ok | user:deploy
2026-05-30 08:10:24,987 [INFO] [credential][ssh_common_password] ok | user:master
2026-05-30 08:10:27,817 [INFO] [evasion][timestamp_manip] ok | touch -t timestamp
2026-05-30 08:18:40,789 [INFO] [exhaustion][ingest_flood_500] ok | ok=0 fail=500
2026-05-30 08:19:26,363 [INFO] [lateral][internal_ping_sweep] ok | 192.168.0.0/24
2026-05-30 08:19:34,050 [INFO] [persistence][systemd_user] ok | systemd user dir
2026-05-30 08:20:55,196 [INFO] [lateral][ssh_agent_enum] ok | SSH agent enumeration
2026-05-30 08:22:31,940 [INFO] Starting: target=127.0.0.1 duration=48.0h types=58
2026-05-30 08:22:34,026 [INFO] [exfil][tcp_exfil] ok | netcat exfil attempt
2026-05-30 08:23:09,051 [INFO] [privesc][shadow_read] ok | /etc/shadow read attempt
2026-05-30 08:23:52,056 [INFO] [credential][credential_stuffing] ok | pi:raspberry
2026-05-30 08:27:27,169 [INFO] [execution][exec_from_tmp] ok | /tmp/.hbash
2026-05-30 08:28:21,314 [INFO] [privesc][suid_binary] ok | chmod +s /tmp/rbash
2026-05-30 08:29:04,447 [INFO] [protocol][syn_scan_500] ok | nmap SYN top500
2026-05-30 08:30:19,470 [INFO] Stopped.
