2026-05-28 23:48:00,896 [INFO] heimdall.guardian — ============================================================
2026-05-28 23:48:00,896 [INFO] heimdall.guardian — Heimdall Guardian v0.1.0 starting.
2026-05-28 23:48:00,896 [INFO] heimdall.guardian — ============================================================
2026-05-28 23:48:00,922 [INFO] heimdall.guardian — Database initialized: /home/cosmic/Projects/bifrost/db/events.db
2026-05-28 23:48:00,941 [INFO] heimdall.guardian — Ingest server started on http://127.0.0.1:8765/ingest
2026-05-28 23:48:00,941 [INFO] heimdall.guardian — AuditdCollector started.
2026-05-28 23:48:00,941 [INFO] heimdall.guardian — Collector started: collector.auditd
2026-05-28 23:48:00,941 [WARNING] heimdall.guardian — auditd log not found. Is auditd running?
2026-05-28 23:48:00,942 [INFO] heimdall.guardian — HoneypotLogCollector started.
2026-05-28 23:48:00,942 [INFO] heimdall.guardian — Collector started: collector.cowrie
2026-05-28 23:48:00,942 [INFO] heimdall.guardian — ProcessWatcher started.
2026-05-28 23:48:00,942 [INFO] heimdall.guardian — Collector started: collector.process
2026-05-28 23:48:00,943 [INFO] heimdall.guardian — NetworkWatcher started.
2026-05-28 23:48:00,943 [INFO] heimdall.guardian — Collector started: collector.network
2026-05-28 23:48:00,944 [INFO] heimdall.ingest — Ingest server listening on http://127.0.0.1:8765/ingest
2026-05-28 23:48:01,317 [INFO] heimdall.guardian — EventRouter started. Bifrost pipeline active.
2026-05-28 23:48:01,317 [INFO] heimdall.guardian — Bifrost pipeline active.
2026-05-28 23:48:01,317 [INFO] heimdall.guardian — Heimdall is online. The bridge is watched.
2026-05-29 11:02:40,569 [INFO] heimdall.guardian — Bifrost: 100 events processed.
2026-05-29 13:42:07,448 [INFO] heimdall.guardian — Shutting down...
2026-05-29 13:42:07,778 [INFO] heimdall.ingest — Ingest server stopped.
2026-05-29 13:42:09,455 [INFO] heimdall.guardian — Heimdall shutdown complete.
